<?xml version="1.0" encoding="UTF-8"?>
<Site BuildName="Linux-c++"
	BuildStamp="20231023-1037-Experimental"
	Name="codespaces-869463"
	Generator="ctest-3.16.3"
	CompilerName="/usr/bin/c++"
	CompilerVersion="9.4.0"
	OSName="Linux"
	Hostname="codespaces-869463"
	OSRelease="6.2.0-1014-azure"
	OSVersion="#14~22.04.1-Ubuntu SMP Wed Sep 13 16:15:26 UTC 2023"
	OSPlatform="x86_64"
	Is64Bits="1"
	VendorString="AuthenticAMD"
	VendorID="Advanced Micro Devices"
	FamilyID="25"
	ModelID="1"
	ProcessorCacheSize="512"
	NumberOfLogicalCPU="4"
	NumberOfPhysicalCPU="2"
	TotalVirtualMemory="0"
	TotalPhysicalMemory="15981"
	LogicalProcessorsPerPhysical="2"
	ProcessorClockFrequency="3239.32"
	>
	<Testing>
		<StartDateTime>Oct 23 10:37 UTC</StartDateTime>
		<StartTestTime>1698057427</StartTestTime>
		<TestList/>
		<EndDateTime>Oct 23 10:37 UTC</EndDateTime>
		<EndTestTime>1698057427</EndTestTime>
		<ElapsedMinutes>0</ElapsedMinutes>
	</Testing>
</Site>
